#
# There is insufficient memory for the Java Runtime Environment to continue.
# Native memory allocation (malloc) failed to allocate 32744 bytes for ChunkPool::allocate
# Possible reasons:
#   The system is out of physical RAM or swap space
#   The process is running with CompressedOops enabled, and the Java Heap may be blocking the growth of the native heap
# Possible solutions:
#   Reduce memory load on the system
#   Increase physical memory or swap space
#   Check if swap backing store is full
#   Decrease Java heap size (-Xmx/-Xms)
#   Decrease number of Java threads
#   Decrease Java thread stack sizes (-Xss)
#   Set larger code cache with -XX:ReservedCodeCacheSize=
#   JVM is running with Unscaled Compressed Oops mode in which the Java heap is
#     placed in the first 4GB address space. The Java Heap base address is the
#     maximum limit for the native heap growth. Please use -XX:HeapBaseMinAddress
#     to set the Java Heap base and to place the Java Heap above 4GB virtual address.
# This output file may be truncated or incomplete.
#
#  Out of Memory Error (./open/src/hotspot/share/memory/arena.cpp:79), pid=9820, tid=6652
#
# JRE version: Java(TM) SE Runtime Environment (14.0.1+7) (build 14.0.1+7)
# Java VM: Java HotSpot(TM) 64-Bit Server VM (14.0.1+7, mixed mode, sharing, tiered, compressed oops, g1 gc, windows-amd64)
# No core dump will be written. Minidumps are not enabled by default on client versions of Windows
#

---------------  S U M M A R Y ------------

Command Line: -javaagent:C:\Program Files\JetBrains\IntelliJ IDEA Community Edition 2020.1\lib\idea_rt.jar=53596:C:\Program Files\JetBrains\IntelliJ IDEA Community Edition 2020.1\bin -Dfile.encoding=UTF-8 school.cesar.next.covid.dummydata.routes.DbDummyDataGenMain

Host: Intel(R) Core(TM) i5-3230M CPU @ 2.60GHz, 4 cores, 5G,  Windows 10 , 64 bit Build 18362 (10.0.18362.778)
Time: Mon Apr 27 17:35:48 2020 Hora Padrão do Leste da AS elapsed time: 457 seconds (0d 0h 7m 37s)

---------------  T H R E A D  ---------------

Current thread (0x000001b249bfa800):  JavaThread "C2 CompilerThread0" daemon [_thread_in_native, id=6652, stack(0x0000002b3a700000,0x0000002b3a800000)]


Current CompileTask:
C2: 457445 1966       4       com.mysql.cj.ClientPreparedQueryBindings::setString (630 bytes)

Stack: [0x0000002b3a700000,0x0000002b3a800000]
Native frames: (J=compiled Java code, j=interpreted, Vv=VM code, C=native code)
V  [jvm.dll+0x5f840a]
V  [jvm.dll+0x741e4a]
V  [jvm.dll+0x7435ff]
V  [jvm.dll+0x743c43]
V  [jvm.dll+0x20d288]
V  [jvm.dll+0xabea6]
V  [jvm.dll+0xac1fc]
V  [jvm.dll+0x5d810f]
V  [jvm.dll+0x58de5f]
V  [jvm.dll+0x58c325]
V  [jvm.dll+0x1e5ca5]
V  [jvm.dll+0x1e50b8]
V  [jvm.dll+0x1779cc]
V  [jvm.dll+0x1f4105]
V  [jvm.dll+0x1f22eb]
V  [jvm.dll+0x706a9d]
V  [jvm.dll+0x6ff8ba]
V  [jvm.dll+0x5f72c6]
C  [ucrtbase.dll+0x20e72]
C  [KERNEL32.DLL+0x17bd4]
C  [ntdll.dll+0x6ce51]


---------------  P R O C E S S  ---------------

Threads class SMR info:
_java_thread_list=0x000001b24b544040, length=13, elements={
0x000001b22c7bf800, 0x000001b249bdc000, 0x000001b249bdd800, 0x000001b249bef000,
0x000001b249bf2000, 0x000001b249bf3000, 0x000001b249bfa800, 0x000001b249c07800,
0x000001b249c21000, 0x000001b249c0a800, 0x000001b249c08000, 0x000001b249c05000,
0x000001b249c09800
}

Java Threads: ( => current thread )
  0x000001b22c7bf800 JavaThread "main" [_thread_in_native, id=7640, stack(0x0000002b39b00000,0x0000002b39c00000)]
  0x000001b249bdc000 JavaThread "Reference Handler" daemon [_thread_blocked, id=8592, stack(0x0000002b3a200000,0x0000002b3a300000)]
  0x000001b249bdd800 JavaThread "Finalizer" daemon [_thread_blocked, id=1704, stack(0x0000002b3a300000,0x0000002b3a400000)]
  0x000001b249bef000 JavaThread "Signal Dispatcher" daemon [_thread_blocked, id=6072, stack(0x0000002b3a400000,0x0000002b3a500000)]
  0x000001b249bf2000 JavaThread "Attach Listener" daemon [_thread_blocked, id=7896, stack(0x0000002b3a500000,0x0000002b3a600000)]
  0x000001b249bf3000 JavaThread "Service Thread" daemon [_thread_blocked, id=2404, stack(0x0000002b3a600000,0x0000002b3a700000)]
=>0x000001b249bfa800 JavaThread "C2 CompilerThread0" daemon [_thread_in_native, id=6652, stack(0x0000002b3a700000,0x0000002b3a800000)]
  0x000001b249c07800 JavaThread "C1 CompilerThread0" daemon [_thread_blocked, id=6636, stack(0x0000002b3a800000,0x0000002b3a900000)]
  0x000001b249c21000 JavaThread "Sweeper thread" daemon [_thread_blocked, id=9108, stack(0x0000002b3a900000,0x0000002b3aa00000)]
  0x000001b249c0a800 JavaThread "Common-Cleaner" daemon [_thread_blocked, id=5520, stack(0x0000002b3aa00000,0x0000002b3ab00000)]
  0x000001b249c08000 JavaThread "Monitor Ctrl-Break" daemon [_thread_in_native, id=7240, stack(0x0000002b3ab00000,0x0000002b3ac00000)]
  0x000001b249c05000 JavaThread "Notification Thread" daemon [_thread_blocked, id=8032, stack(0x0000002b3ac00000,0x0000002b3ad00000)]
  0x000001b249c09800 JavaThread "mysql-cj-abandoned-connection-cleanup" daemon [_thread_blocked, id=7360, stack(0x0000002b3ae00000,0x0000002b3af00000)]

Other Threads:
  0x000001b249bd5800 VMThread "VM Thread" [stack: 0x0000002b3a100000,0x0000002b3a200000] [id=3660]
  0x000001b24a70f800 WatcherThread [stack: 0x0000002b3ad00000,0x0000002b3ae00000] [id=6336]
  0x000001b22c7f7800 GCTaskThread "GC Thread#0" [stack: 0x0000002b39c00000,0x0000002b39d00000] [id=6828]
  0x000001b24aed6800 GCTaskThread "GC Thread#1" [stack: 0x0000002b3b000000,0x0000002b3b100000] [id=6900]
  0x000001b22c808000 ConcurrentGCThread "G1 Main Marker" [stack: 0x0000002b39d00000,0x0000002b39e00000] [id=2036]
  0x000001b22c809800 ConcurrentGCThread "G1 Conc#0" [stack: 0x0000002b39e00000,0x0000002b39f00000] [id=3488]
  0x000001b22c879000 ConcurrentGCThread "G1 Refine#0" [stack: 0x0000002b39f00000,0x0000002b3a000000] [id=4376]
  0x000001b22c87b000 ConcurrentGCThread "G1 Young RemSet Sampling" [stack: 0x0000002b3a000000,0x0000002b3a100000] [id=5716]

Threads with active compile tasks:
C2 CompilerThread0   458970 1966       4       com.mysql.cj.ClientPreparedQueryBindings::setString (630 bytes)

VM state:not at safepoint (normal execution)

VM Mutex/Monitor currently owned by a thread: None

Heap address: 0x00000000a2000000, size: 1504 MB, Compressed Oops mode: 32-bit
Narrow klass base: 0x0000000800000000, Narrow klass shift: 3
Compressed class space size: 1073741824 Address: 0x0000000800b30000

Heap:
 garbage-first heap   total 96256K, used 22296K [0x00000000a2000000, 0x0000000100000000)
  region size 1024K, 19 young (19456K), 2 survivors (2048K)
 Metaspace       used 10799K, capacity 11048K, committed 11264K, reserved 1058816K
  class space    used 1120K, capacity 1211K, committed 1280K, reserved 1048576K
Heap Regions: E=young(eden), S=young(survivor), O=old, HS=humongous(starts), HC=humongous(continues), CS=collection set, F=free, OA=open archive, CA=closed archive, TAMS=top-at-mark-start (previous, next)
|   0|0x00000000a2000000, 0x00000000a2100000, 0x00000000a2100000|100%| O|  |TAMS 0x00000000a2000000, 0x00000000a2000000| Untracked 
|   1|0x00000000a2100000, 0x00000000a2200000, 0x00000000a2200000|100%| O|  |TAMS 0x00000000a2100000, 0x00000000a2100000| Untracked 
|   2|0x00000000a2200000, 0x00000000a2300000, 0x00000000a2300000|100%| O|  |TAMS 0x00000000a2200000, 0x00000000a2200000| Untracked 
|   3|0x00000000a2300000, 0x00000000a23c6000, 0x00000000a2400000| 77%| O|  |TAMS 0x00000000a2300000, 0x00000000a2300000| Untracked 
|   4|0x00000000a2400000, 0x00000000a2400000, 0x00000000a2500000|  0%| F|  |TAMS 0x00000000a2400000, 0x00000000a2400000| Untracked 
|   5|0x00000000a2500000, 0x00000000a2500000, 0x00000000a2600000|  0%| F|  |TAMS 0x00000000a2500000, 0x00000000a2500000| Untracked 
|   6|0x00000000a2600000, 0x00000000a2600000, 0x00000000a2700000|  0%| F|  |TAMS 0x00000000a2600000, 0x00000000a2600000| Untracked 
|   7|0x00000000a2700000, 0x00000000a2700000, 0x00000000a2800000|  0%| F|  |TAMS 0x00000000a2700000, 0x00000000a2700000| Untracked 
|   8|0x00000000a2800000, 0x00000000a2800000, 0x00000000a2900000|  0%| F|  |TAMS 0x00000000a2800000, 0x00000000a2800000| Untracked 
|   9|0x00000000a2900000, 0x00000000a2900000, 0x00000000a2a00000|  0%| F|  |TAMS 0x00000000a2900000, 0x00000000a2900000| Untracked 
|  10|0x00000000a2a00000, 0x00000000a2a00000, 0x00000000a2b00000|  0%| F|  |TAMS 0x00000000a2a00000, 0x00000000a2a00000| Untracked 
|  11|0x00000000a2b00000, 0x00000000a2b00000, 0x00000000a2c00000|  0%| F|  |TAMS 0x00000000a2b00000, 0x00000000a2b00000| Untracked 
|  12|0x00000000a2c00000, 0x00000000a2c00000, 0x00000000a2d00000|  0%| F|  |TAMS 0x00000000a2c00000, 0x00000000a2c00000| Untracked 
|  13|0x00000000a2d00000, 0x00000000a2d00000, 0x00000000a2e00000|  0%| F|  |TAMS 0x00000000a2d00000, 0x00000000a2d00000| Untracked 
|  14|0x00000000a2e00000, 0x00000000a2e00000, 0x00000000a2f00000|  0%| F|  |TAMS 0x00000000a2e00000, 0x00000000a2e00000| Untracked 
|  15|0x00000000a2f00000, 0x00000000a2f00000, 0x00000000a3000000|  0%| F|  |TAMS 0x00000000a2f00000, 0x00000000a2f00000| Untracked 
|  16|0x00000000a3000000, 0x00000000a3000000, 0x00000000a3100000|  0%| F|  |TAMS 0x00000000a3000000, 0x00000000a3000000| Untracked 
|  17|0x00000000a3100000, 0x00000000a3100000, 0x00000000a3200000|  0%| F|  |TAMS 0x00000000a3100000, 0x00000000a3100000| Untracked 
|  18|0x00000000a3200000, 0x00000000a3200000, 0x00000000a3300000|  0%| F|  |TAMS 0x00000000a3200000, 0x00000000a3200000| Untracked 
|  19|0x00000000a3300000, 0x00000000a3300000, 0x00000000a3400000|  0%| F|  |TAMS 0x00000000a3300000, 0x00000000a3300000| Untracked 
|  20|0x00000000a3400000, 0x00000000a3400000, 0x00000000a3500000|  0%| F|  |TAMS 0x00000000a3400000, 0x00000000a3400000| Untracked 
|  21|0x00000000a3500000, 0x00000000a3500000, 0x00000000a3600000|  0%| F|  |TAMS 0x00000000a3500000, 0x00000000a3500000| Untracked 
|  22|0x00000000a3600000, 0x00000000a3600000, 0x00000000a3700000|  0%| F|  |TAMS 0x00000000a3600000, 0x00000000a3600000| Untracked 
|  23|0x00000000a3700000, 0x00000000a3700000, 0x00000000a3800000|  0%| F|  |TAMS 0x00000000a3700000, 0x00000000a3700000| Untracked 
|  24|0x00000000a3800000, 0x00000000a3800000, 0x00000000a3900000|  0%| F|  |TAMS 0x00000000a3800000, 0x00000000a3800000| Untracked 
|  25|0x00000000a3900000, 0x00000000a3900000, 0x00000000a3a00000|  0%| F|  |TAMS 0x00000000a3900000, 0x00000000a3900000| Untracked 
|  26|0x00000000a3a00000, 0x00000000a3a00000, 0x00000000a3b00000|  0%| F|  |TAMS 0x00000000a3a00000, 0x00000000a3a00000| Untracked 
|  27|0x00000000a3b00000, 0x00000000a3b00000, 0x00000000a3c00000|  0%| F|  |TAMS 0x00000000a3b00000, 0x00000000a3b00000| Untracked 
|  28|0x00000000a3c00000, 0x00000000a3c00000, 0x00000000a3d00000|  0%| F|  |TAMS 0x00000000a3c00000, 0x00000000a3c00000| Untracked 
|  29|0x00000000a3d00000, 0x00000000a3d00000, 0x00000000a3e00000|  0%| F|  |TAMS 0x00000000a3d00000, 0x00000000a3d00000| Untracked 
|  30|0x00000000a3e00000, 0x00000000a3e00000, 0x00000000a3f00000|  0%| F|  |TAMS 0x00000000a3e00000, 0x00000000a3e00000| Untracked 
|  31|0x00000000a3f00000, 0x00000000a3f00000, 0x00000000a4000000|  0%| F|  |TAMS 0x00000000a3f00000, 0x00000000a3f00000| Untracked 
|  32|0x00000000a4000000, 0x00000000a4000000, 0x00000000a4100000|  0%| F|  |TAMS 0x00000000a4000000, 0x00000000a4000000| Untracked 
|  33|0x00000000a4100000, 0x00000000a4100000, 0x00000000a4200000|  0%| F|  |TAMS 0x00000000a4100000, 0x00000000a4100000| Untracked 
|  34|0x00000000a4200000, 0x00000000a4200000, 0x00000000a4300000|  0%| F|  |TAMS 0x00000000a4200000, 0x00000000a4200000| Untracked 
|  35|0x00000000a4300000, 0x00000000a4300000, 0x00000000a4400000|  0%| F|  |TAMS 0x00000000a4300000, 0x00000000a4300000| Untracked 
|  36|0x00000000a4400000, 0x00000000a4400000, 0x00000000a4500000|  0%| F|  |TAMS 0x00000000a4400000, 0x00000000a4400000| Untracked 
|  37|0x00000000a4500000, 0x00000000a4500000, 0x00000000a4600000|  0%| F|  |TAMS 0x00000000a4500000, 0x00000000a4500000| Untracked 
|  38|0x00000000a4600000, 0x00000000a4600000, 0x00000000a4700000|  0%| F|  |TAMS 0x00000000a4600000, 0x00000000a4600000| Untracked 
|  39|0x00000000a4700000, 0x00000000a4700000, 0x00000000a4800000|  0%| F|  |TAMS 0x00000000a4700000, 0x00000000a4700000| Untracked 
|  40|0x00000000a4800000, 0x00000000a4800000, 0x00000000a4900000|  0%| F|  |TAMS 0x00000000a4800000, 0x00000000a4800000| Untracked 
|  41|0x00000000a4900000, 0x00000000a4900000, 0x00000000a4a00000|  0%| F|  |TAMS 0x00000000a4900000, 0x00000000a4900000| Untracked 
|  42|0x00000000a4a00000, 0x00000000a4a00000, 0x00000000a4b00000|  0%| F|  |TAMS 0x00000000a4a00000, 0x00000000a4a00000| Untracked 
|  43|0x00000000a4b00000, 0x00000000a4b00000, 0x00000000a4c00000|  0%| F|  |TAMS 0x00000000a4b00000, 0x00000000a4b00000| Untracked 
|  44|0x00000000a4c00000, 0x00000000a4c00000, 0x00000000a4d00000|  0%| F|  |TAMS 0x00000000a4c00000, 0x00000000a4c00000| Untracked 
|  45|0x00000000a4d00000, 0x00000000a4d00000, 0x00000000a4e00000|  0%| F|  |TAMS 0x00000000a4d00000, 0x00000000a4d00000| Untracked 
|  46|0x00000000a4e00000, 0x00000000a4e00000, 0x00000000a4f00000|  0%| F|  |TAMS 0x00000000a4e00000, 0x00000000a4e00000| Untracked 
|  47|0x00000000a4f00000, 0x00000000a4f00000, 0x00000000a5000000|  0%| F|  |TAMS 0x00000000a4f00000, 0x00000000a4f00000| Untracked 
|  48|0x00000000a5000000, 0x00000000a5000000, 0x00000000a5100000|  0%| F|  |TAMS 0x00000000a5000000, 0x00000000a5000000| Untracked 
|  49|0x00000000a5100000, 0x00000000a5100000, 0x00000000a5200000|  0%| F|  |TAMS 0x00000000a5100000, 0x00000000a5100000| Untracked 
|  50|0x00000000a5200000, 0x00000000a5200000, 0x00000000a5300000|  0%| F|  |TAMS 0x00000000a5200000, 0x00000000a5200000| Untracked 
|  51|0x00000000a5300000, 0x00000000a5300000, 0x00000000a5400000|  0%| F|  |TAMS 0x00000000a5300000, 0x00000000a5300000| Untracked 
|  52|0x00000000a5400000, 0x00000000a5400000, 0x00000000a5500000|  0%| F|  |TAMS 0x00000000a5400000, 0x00000000a5400000| Untracked 
|  53|0x00000000a5500000, 0x00000000a5500000, 0x00000000a5600000|  0%| F|  |TAMS 0x00000000a5500000, 0x00000000a5500000| Untracked 
|  54|0x00000000a5600000, 0x00000000a5600000, 0x00000000a5700000|  0%| F|  |TAMS 0x00000000a5600000, 0x00000000a5600000| Untracked 
|  55|0x00000000a5700000, 0x00000000a5700000, 0x00000000a5800000|  0%| F|  |TAMS 0x00000000a5700000, 0x00000000a5700000| Untracked 
|  56|0x00000000a5800000, 0x00000000a5800000, 0x00000000a5900000|  0%| F|  |TAMS 0x00000000a5800000, 0x00000000a5800000| Untracked 
|  57|0x00000000a5900000, 0x00000000a5900000, 0x00000000a5a00000|  0%| F|  |TAMS 0x00000000a5900000, 0x00000000a5900000| Untracked 
|  58|0x00000000a5a00000, 0x00000000a5a00000, 0x00000000a5b00000|  0%| F|  |TAMS 0x00000000a5a00000, 0x00000000a5a00000| Untracked 
|  59|0x00000000a5b00000, 0x00000000a5b00000, 0x00000000a5c00000|  0%| F|  |TAMS 0x00000000a5b00000, 0x00000000a5b00000| Untracked 
|  60|0x00000000a5c00000, 0x00000000a5c00000, 0x00000000a5d00000|  0%| F|  |TAMS 0x00000000a5c00000, 0x00000000a5c00000| Untracked 
|  61|0x00000000a5d00000, 0x00000000a5d00000, 0x00000000a5e00000|  0%| F|  |TAMS 0x00000000a5d00000, 0x00000000a5d00000| Untracked 
|  62|0x00000000a5e00000, 0x00000000a5e00000, 0x00000000a5f00000|  0%| F|  |TAMS 0x00000000a5e00000, 0x00000000a5e00000| Untracked 
|  63|0x00000000a5f00000, 0x00000000a5f00000, 0x00000000a6000000|  0%| F|  |TAMS 0x00000000a5f00000, 0x00000000a5f00000| Untracked 
|  64|0x00000000a6000000, 0x00000000a6000000, 0x00000000a6100000|  0%| F|  |TAMS 0x00000000a6000000, 0x00000000a6000000| Untracked 
|  65|0x00000000a6100000, 0x00000000a6100000, 0x00000000a6200000|  0%| F|  |TAMS 0x00000000a6100000, 0x00000000a6100000| Untracked 
|  66|0x00000000a6200000, 0x00000000a6200000, 0x00000000a6300000|  0%| F|  |TAMS 0x00000000a6200000, 0x00000000a6200000| Untracked 
|  67|0x00000000a6300000, 0x00000000a6300000, 0x00000000a6400000|  0%| F|  |TAMS 0x00000000a6300000, 0x00000000a6300000| Untracked 
|  68|0x00000000a6400000, 0x00000000a6400000, 0x00000000a6500000|  0%| F|  |TAMS 0x00000000a6400000, 0x00000000a6400000| Untracked 
|  69|0x00000000a6500000, 0x00000000a6500000, 0x00000000a6600000|  0%| F|  |TAMS 0x00000000a6500000, 0x00000000a6500000| Untracked 
|  70|0x00000000a6600000, 0x00000000a6600000, 0x00000000a6700000|  0%| F|  |TAMS 0x00000000a6600000, 0x00000000a6600000| Untracked 
|  71|0x00000000a6700000, 0x00000000a6700000, 0x00000000a6800000|  0%| F|  |TAMS 0x00000000a6700000, 0x00000000a6700000| Untracked 
|  72|0x00000000a6800000, 0x00000000a6800000, 0x00000000a6900000|  0%| F|  |TAMS 0x00000000a6800000, 0x00000000a6800000| Untracked 
|  73|0x00000000a6900000, 0x00000000a6900000, 0x00000000a6a00000|  0%| F|  |TAMS 0x00000000a6900000, 0x00000000a6900000| Untracked 
|  74|0x00000000a6a00000, 0x00000000a6a00000, 0x00000000a6b00000|  0%| F|  |TAMS 0x00000000a6a00000, 0x00000000a6a00000| Untracked 
|  75|0x00000000a6b00000, 0x00000000a6c00000, 0x00000000a6c00000|100%| E|  |TAMS 0x00000000a6b00000, 0x00000000a6b00000| Complete 
|  76|0x00000000a6c00000, 0x00000000a6d00000, 0x00000000a6d00000|100%| E|CS|TAMS 0x00000000a6c00000, 0x00000000a6c00000| Complete 
|  77|0x00000000a6d00000, 0x00000000a6e00000, 0x00000000a6e00000|100%| S|CS|TAMS 0x00000000a6d00000, 0x00000000a6d00000| Complete 
|  78|0x00000000a6e00000, 0x00000000a6f00000, 0x00000000a6f00000|100%| S|CS|TAMS 0x00000000a6e00000, 0x00000000a6e00000| Complete 
|  79|0x00000000a6f00000, 0x00000000a7000000, 0x00000000a7000000|100%| E|CS|TAMS 0x00000000a6f00000, 0x00000000a6f00000| Complete 
|  80|0x00000000a7000000, 0x00000000a7100000, 0x00000000a7100000|100%| E|CS|TAMS 0x00000000a7000000, 0x00000000a7000000| Complete 
|  81|0x00000000a7100000, 0x00000000a7200000, 0x00000000a7200000|100%| E|CS|TAMS 0x00000000a7100000, 0x00000000a7100000| Complete 
|  82|0x00000000a7200000, 0x00000000a7300000, 0x00000000a7300000|100%| E|CS|TAMS 0x00000000a7200000, 0x00000000a7200000| Complete 
|  83|0x00000000a7300000, 0x00000000a7400000, 0x00000000a7400000|100%| E|CS|TAMS 0x00000000a7300000, 0x00000000a7300000| Complete 
|  84|0x00000000a7400000, 0x00000000a7500000, 0x00000000a7500000|100%| E|CS|TAMS 0x00000000a7400000, 0x00000000a7400000| Complete 
|  85|0x00000000a7500000, 0x00000000a7600000, 0x00000000a7600000|100%| E|CS|TAMS 0x00000000a7500000, 0x00000000a7500000| Complete 
|  86|0x00000000a7600000, 0x00000000a7700000, 0x00000000a7700000|100%| E|CS|TAMS 0x00000000a7600000, 0x00000000a7600000| Complete 
|  87|0x00000000a7700000, 0x00000000a7800000, 0x00000000a7800000|100%| E|CS|TAMS 0x00000000a7700000, 0x00000000a7700000| Complete 
|  88|0x00000000a7800000, 0x00000000a7900000, 0x00000000a7900000|100%| E|CS|TAMS 0x00000000a7800000, 0x00000000a7800000| Complete 
|  89|0x00000000a7900000, 0x00000000a7a00000, 0x00000000a7a00000|100%| E|CS|TAMS 0x00000000a7900000, 0x00000000a7900000| Complete 
|  90|0x00000000a7a00000, 0x00000000a7b00000, 0x00000000a7b00000|100%| E|CS|TAMS 0x00000000a7a00000, 0x00000000a7a00000| Complete 
|  91|0x00000000a7b00000, 0x00000000a7c00000, 0x00000000a7c00000|100%| E|CS|TAMS 0x00000000a7b00000, 0x00000000a7b00000| Complete 
|  92|0x00000000a7c00000, 0x00000000a7d00000, 0x00000000a7d00000|100%| E|CS|TAMS 0x00000000a7c00000, 0x00000000a7c00000| Complete 
|  93|0x00000000a7d00000, 0x00000000a7e00000, 0x00000000a7e00000|100%| E|CS|TAMS 0x00000000a7d00000, 0x00000000a7d00000| Complete 

Card table byte_map: [0x000001b244250000,0x000001b244540000] _byte_map_base: 0x000001b243d40000

Marking Bits (Prev, Next): (CMBitMap*) 0x000001b22c7f92b8, (CMBitMap*) 0x000001b22c7f92f8
 Prev Bits: [0x000001b244830000, 0x000001b245fb0000)
 Next Bits: [0x000001b245fb0000, 0x000001b247730000)

Polling page: 0x000001b22bf90000

Metaspace:

Usage:
  Non-class:      9.61 MB capacity,     9.45 MB ( 98%) used,   137.25 KB (  1%) free+waste,    20.63 KB ( <1%) overhead. 
      Class:      1.18 MB capacity,     1.09 MB ( 92%) used,    80.52 KB (  7%) free+waste,    10.31 KB ( <1%) overhead. 
       Both:     10.79 MB capacity,    10.55 MB ( 98%) used,   217.77 KB (  2%) free+waste,    30.94 KB ( <1%) overhead. 

Virtual space:
  Non-class space:       10.00 MB reserved,       9.75 MB ( 98%) committed 
      Class space:        1.00 GB reserved,       1.25 MB ( <1%) committed 
             Both:        1.01 GB reserved,      11.00 MB (  1%) committed 

Chunk freelists:
   Non-Class:  19.00 KB
       Class:  5.00 KB
        Both:  24.00 KB

MaxMetaspaceSize: 17179869184.00 GB
CompressedClassSpaceSize: 1.00 GB

CodeHeap 'non-profiled nmethods': size=120000Kb used=990Kb max_used=990Kb free=119009Kb
 bounds [0x000001b23ca30000, 0x000001b23cca0000, 0x000001b243f60000]
CodeHeap 'profiled nmethods': size=120000Kb used=3513Kb max_used=4272Kb free=116486Kb
 bounds [0x000001b235500000, 0x000001b235930000, 0x000001b23ca30000]
CodeHeap 'non-nmethods': size=5760Kb used=1225Kb max_used=1285Kb free=4534Kb
 bounds [0x000001b234f60000, 0x000001b2351d0000, 0x000001b235500000]
 total_blobs=3288 nmethods=1695 adapters=410
 compilation: enabled
              stopped_count=0, restarted_count=0
 full_count=0

Compilation events (20 events):
Event: 396.147 Thread 0x000001b249c07800 nmethod 1956 0x000001b235504790 code [0x000001b235504940, 0x000001b235504b28]
Event: 396.147 Thread 0x000001b249c07800 1957   !   3       jdk.internal.loader.URLClassPath::checkURL (16 bytes)
Event: 396.148 Thread 0x000001b249c07800 nmethod 1957 0x000001b235539d90 code [0x000001b235539f40, 0x000001b23553a0e8]
Event: 401.162 Thread 0x000001b249c07800 1958   !   3       jdk.internal.loader.BuiltinClassLoader::findResource (154 bytes)
Event: 401.163 Thread 0x000001b249c07800 nmethod 1958 0x000001b235524590 code [0x000001b2355248e0, 0x000001b235525d68]
Event: 401.163 Thread 0x000001b249c07800 1959       3       jdk.internal.loader.BuiltinClassLoader::findResourceOnClassPath (41 bytes)
Event: 401.164 Thread 0x000001b249c07800 nmethod 1959 0x000001b2356a0910 code [0x000001b2356a0b40, 0x000001b2356a1418]
Event: 404.977 Thread 0x000001b249bfa800 1960       4       sun.security.ssl.Authenticator$SSLAuthenticator::seqNumIsHuge (54 bytes)
Event: 404.978 Thread 0x000001b249bfa800 nmethod 1960 0x000001b23ca3d990 code [0x000001b23ca3db40, 0x000001b23ca3dc58]
Event: 411.533 Thread 0x000001b249bfa800 1961       4       java.lang.Long::stringSize (55 bytes)
Event: 411.537 Thread 0x000001b249bfa800 nmethod 1961 0x000001b23ca3d510 code [0x000001b23ca3d6a0, 0x000001b23ca3d898]
Event: 423.301 Thread 0x000001b249bfa800 1962       4       sun.security.ssl.Plaintext::<init> (43 bytes)
Event: 423.304 Thread 0x000001b249bfa800 nmethod 1962 0x000001b23ca3d190 code [0x000001b23ca3d300, 0x000001b23ca3d4b8]
Event: 441.408 Thread 0x000001b249bfa800 1963  s    4       java.io.BufferedOutputStream::write (67 bytes)
Event: 441.411 Thread 0x000001b249bfa800 nmethod 1963 0x000001b23ca56890 code [0x000001b23ca56a60, 0x000001b23ca56e38]
Event: 441.854 Thread 0x000001b249bfa800 1964       4       jdk.internal.math.FloatingDecimal$BinaryToASCIIBuffer::getChars (502 bytes)
Event: 441.856 Thread 0x000001b249bfa800 nmethod 1964 0x000001b23ca55f90 code [0x000001b23ca561a0, 0x000001b23ca565d8]
Event: 457.253 Thread 0x000001b249bfa800 1965   !   4       com.mysql.cj.jdbc.ClientPreparedStatement::setString (60 bytes)
Event: 457.260 Thread 0x000001b249bfa800 nmethod 1965 0x000001b23ca54d10 code [0x000001b23ca54fc0, 0x000001b23ca55a08]
Event: 457.260 Thread 0x000001b249bfa800 1966       4       com.mysql.cj.ClientPreparedQueryBindings::setString (630 bytes)

GC Heap History (4 events):
Event: 0.671 GC heap before
{Heap before GC invocations=0 (full 0):
 garbage-first heap   total 96256K, used 12288K [0x00000000a2000000, 0x0000000100000000)
  region size 1024K, 13 young (13312K), 0 survivors (0K)
 Metaspace       used 5613K, capacity 6857K, committed 7168K, reserved 1056768K
  class space    used 573K, capacity 667K, committed 768K, reserved 1048576K
}
Event: 0.680 GC heap after
{Heap after GC invocations=1 (full 0):
 garbage-first heap   total 96256K, used 3803K [0x00000000a2000000, 0x0000000100000000)
  region size 1024K, 2 young (2048K), 2 survivors (2048K)
 Metaspace       used 5613K, capacity 6857K, committed 7168K, reserved 1056768K
  class space    used 573K, capacity 667K, committed 768K, reserved 1048576K
}
Event: 16.624 GC heap before
{Heap before GC invocations=1 (full 0):
 garbage-first heap   total 96256K, used 17115K [0x00000000a2000000, 0x0000000100000000)
  region size 1024K, 15 young (15360K), 2 survivors (2048K)
 Metaspace       used 10387K, capacity 10663K, committed 10752K, reserved 1058816K
  class space    used 1119K, capacity 1211K, committed 1280K, reserved 1048576K
}
Event: 16.635 GC heap after
{Heap after GC invocations=2 (full 0):
 garbage-first heap   total 96256K, used 5912K [0x00000000a2000000, 0x0000000100000000)
  region size 1024K, 2 young (2048K), 2 survivors (2048K)
 Metaspace       used 10387K, capacity 10663K, committed 10752K, reserved 1058816K
  class space    used 1119K, capacity 1211K, committed 1280K, reserved 1048576K
}

Deoptimization events (20 events):
Event: 1.425 Thread 0x000001b22c7bf800 Uncommon trap: trap_request=0xffffff45 fr.pc=0x000001b23ca5b5ac relative=0x00000000000003ac
Event: 1.425 Thread 0x000001b22c7bf800 Uncommon trap: reason=unstable_if action=reinterpret pc=0x000001b23ca5b5ac method=java.lang.StringLatin1.canEncode(I)Z @ 4 c2
Event: 1.425 Thread 0x000001b22c7bf800 DEOPT PACKING pc=0x000001b23ca5b5ac sp=0x0000002b39bff120
Event: 1.425 Thread 0x000001b22c7bf800 DEOPT UNPACKING pc=0x000001b234fa912f sp=0x0000002b39bff048 mode 2
Event: 1.425 Thread 0x000001b22c7bf800 Uncommon trap: trap_request=0xffffff45 fr.pc=0x000001b23ca5a800 relative=0x0000000000000380
Event: 1.425 Thread 0x000001b22c7bf800 Uncommon trap: reason=unstable_if action=reinterpret pc=0x000001b23ca5a800 method=java.lang.AbstractStringBuilder.isLatin1()Z @ 10 c2
Event: 1.425 Thread 0x000001b22c7bf800 DEOPT PACKING pc=0x000001b23ca5a800 sp=0x0000002b39bff040
Event: 1.425 Thread 0x000001b22c7bf800 DEOPT UNPACKING pc=0x000001b234fa912f sp=0x0000002b39bfefd0 mode 2
Event: 1.432 Thread 0x000001b22c7bf800 Uncommon trap: trap_request=0xffffff45 fr.pc=0x000001b23ca68264 relative=0x0000000000000044
Event: 1.432 Thread 0x000001b22c7bf800 Uncommon trap: reason=unstable_if action=reinterpret pc=0x000001b23ca68264 method=java.lang.CharacterData.of(I)Ljava/lang/CharacterData; @ 4 c2
Event: 1.432 Thread 0x000001b22c7bf800 DEOPT PACKING pc=0x000001b23ca68264 sp=0x0000002b39bfe850
Event: 1.432 Thread 0x000001b22c7bf800 DEOPT UNPACKING pc=0x000001b234fa912f sp=0x0000002b39bfe7f0 mode 2
Event: 2.908 Thread 0x000001b22c7bf800 DEOPT PACKING pc=0x000001b23574e1ee sp=0x0000002b39bfe290
Event: 2.908 Thread 0x000001b22c7bf800 DEOPT UNPACKING pc=0x000001b234fa964e sp=0x0000002b39bfd6c0 mode 0
Event: 18.807 Thread 0x000001b22c7bf800 DEOPT PACKING pc=0x000001b23575eec0 sp=0x0000002b39bfe640
Event: 18.807 Thread 0x000001b22c7bf800 DEOPT UNPACKING pc=0x000001b234fa964e sp=0x0000002b39bfdad8 mode 0
Event: 21.236 Thread 0x000001b22c7bf800 DEOPT PACKING pc=0x000001b2355ef332 sp=0x0000002b39bff110
Event: 21.237 Thread 0x000001b22c7bf800 DEOPT UNPACKING pc=0x000001b234fa964e sp=0x0000002b39bfe578 mode 0
Event: 25.442 Thread 0x000001b22c7bf800 DEOPT PACKING pc=0x000001b2357c3d48 sp=0x0000002b39bfe110
Event: 25.442 Thread 0x000001b22c7bf800 DEOPT UNPACKING pc=0x000001b234fa964e sp=0x0000002b39bfd5f0 mode 0

Classes unloaded (0 events):
No events

Classes redefined (0 events):
No events

Internal exceptions (10 events):
Event: 0.200 Thread 0x000001b22c7bf800 Exception <a 'java/lang/NoSuchMethodError'{0x00000000a7bfa050}: 'int java.lang.invoke.DirectMethodHandle$Holder.invokeSpecialIFC(java.lang.Object, java.lang.Object, int)'> (0x00000000a7bfa050) 
thrown [./open/src/hotspot/share/interpreter/linkResolver.cpp, line 766]
Event: 0.270 Thread 0x000001b22c7bf800 Exception <a 'java/lang/NoSuchMethodError'{0x00000000a7914a28}: 'void java.lang.invoke.DirectMethodHandle$Holder.invokeSpecial(java.lang.Object, java.lang.Object, java.lang.Object, java.lang.Object)'> (0x00000000a7914a28) 
thrown [./open/src/hotspot/share/interpreter/linkResolver.cpp, line 766]
Event: 0.271 Thread 0x000001b22c7bf800 Exception <a 'java/lang/NoSuchMethodError'{0x00000000a791b138}: 'java.lang.Object java.lang.invoke.DirectMethodHandle$Holder.invokeVirtual(java.lang.Object, java.lang.Object, java.lang.Object)'> (0x00000000a791b138) 
thrown [./open/src/hotspot/share/interpreter/linkResolver.cpp, line 766]
Event: 0.462 Thread 0x000001b22c7bf800 Exception <a 'java/lang/NoSuchMethodError'{0x00000000a759e568}: 'void java.lang.invoke.DirectMethodHandle$Holder.invokeStaticInit(java.lang.Object, java.lang.Object)'> (0x00000000a759e568) 
thrown [./open/src/hotspot/share/interpreter/linkResolver.cpp, line 766]
Event: 0.716 Thread 0x000001b22c7bf800 Exception <a 'java/lang/NoSuchMethodError'{0x00000000a7cd5628}: 'java.lang.Object java.lang.invoke.DirectMethodHandle$Holder.invokeStaticInit(java.lang.Object, int, int, int, int)'> (0x00000000a7cd5628) 
thrown [./open/src/hotspot/share/interpreter/linkResolver.cpp, line 766]
Event: 0.718 Thread 0x000001b22c7bf800 Exception <a 'sun/nio/fs/WindowsException'{0x00000000a7cdb368}> (0x00000000a7cdb368) 
thrown [./open/src/hotspot/share/prims/jni.cpp, line 599]
Event: 0.733 Thread 0x000001b22c7bf800 Exception <a 'java/lang/NoSuchMethodError'{0x00000000a7b02a38}: 'int java.lang.invoke.DirectMethodHandle$Holder.invokeStaticInit(java.lang.Object, java.lang.Object, java.lang.Object, java.lang.Object)'> (0x00000000a7b02a38) 
thrown [./open/src/hotspot/share/interpreter/linkResolver.cpp, line 766]
Event: 0.734 Thread 0x000001b22c7bf800 Exception <a 'java/lang/IncompatibleClassChangeError'{0x00000000a7b0b1a0}: Found class java.lang.Object, but interface was expected> (0x00000000a7b0b1a0) 
thrown [./open/src/hotspot/share/interpreter/linkResolver.cpp, line 832]
Event: 0.735 Thread 0x000001b22c7bf800 Exception <a 'java/lang/NoSuchMethodError'{0x00000000a7b100b0}: 'int java.lang.invoke.DirectMethodHandle$Holder.invokeStaticInit(java.lang.Object, java.lang.Object)'> (0x00000000a7b100b0) 
thrown [./open/src/hotspot/share/interpreter/linkResolver.cpp, line 766]
Event: 0.938 Thread 0x000001b22c7bf800 Exception <a 'java/lang/NoSuchMethodError'{0x00000000a78252b0}: 'java.lang.Object java.lang.invoke.DirectMethodHandle$Holder.invokeStaticInit(java.lang.Object, java.lang.Object, int, int, int, int)'> (0x00000000a78252b0) 
thrown [./open/src/hotspot/share/interpreter/linkResolver.cpp, line 766]

Events (20 events):
Event: 404.979 Thread 0x000001b249c21000 flushing nmethod 0x000001b235806590
Event: 404.979 Thread 0x000001b249c21000 flushing nmethod 0x000001b235808210
Event: 404.979 Thread 0x000001b249c21000 flushing nmethod 0x000001b235808a90
Event: 404.979 Thread 0x000001b249c21000 flushing nmethod 0x000001b235809410
Event: 404.979 Thread 0x000001b249c21000 flushing nmethod 0x000001b235812f10
Event: 404.979 Thread 0x000001b249c21000 flushing nmethod 0x000001b235814c90
Event: 404.979 Thread 0x000001b249c21000 flushing nmethod 0x000001b235819190
Event: 404.979 Thread 0x000001b249c21000 flushing nmethod 0x000001b23582d490
Event: 404.979 Thread 0x000001b249c21000 flushing nmethod 0x000001b235868290
Event: 404.980 Thread 0x000001b249c21000 flushing nmethod 0x000001b2358a8490
Event: 404.980 Thread 0x000001b249c21000 flushing nmethod 0x000001b2358d2610
Event: 441.411 Executing VM operation: HandshakeAllThreads
Event: 441.411 Executing VM operation: HandshakeAllThreads done
Event: 441.413 Thread 0x000001b249c21000 flushing nmethod 0x000001b235838c90
Event: 441.413 Thread 0x000001b249c21000 flushing nmethod 0x000001b23583f510
Event: 441.413 Thread 0x000001b249c21000 flushing nmethod 0x000001b235840810
Event: 441.413 Thread 0x000001b249c21000 flushing nmethod 0x000001b23584f810
Event: 457.259 Executing VM operation: HandshakeAllThreads
Event: 457.259 Executing VM operation: HandshakeAllThreads done
Event: 457.261 Thread 0x000001b249c21000 flushing nmethod 0x000001b235873e90


Dynamic libraries:
0x00007ff6c4c40000 - 0x00007ff6c4c4f000 	C:\Program Files\Java\jdk-14.0.1\bin\java.exe
0x00007ffe669a0000 - 0x00007ffe66b90000 	C:\WINDOWS\SYSTEM32\ntdll.dll
0x00007ffe659b0000 - 0x00007ffe65a62000 	C:\WINDOWS\System32\KERNEL32.DLL
0x00007ffe647a0000 - 0x00007ffe64a43000 	C:\WINDOWS\System32\KERNELBASE.dll
0x00007ffe64410000 - 0x00007ffe6450a000 	C:\WINDOWS\System32\ucrtbase.dll
0x00007ffe5dbf0000 - 0x00007ffe5dc05000 	C:\Program Files\Java\jdk-14.0.1\bin\VCRUNTIME140.dll
0x00007ffe5dc20000 - 0x00007ffe5dc38000 	C:\Program Files\Java\jdk-14.0.1\bin\jli.dll
0x00007ffe668b0000 - 0x00007ffe66953000 	C:\WINDOWS\System32\ADVAPI32.dll
0x00007ffe655d0000 - 0x00007ffe6566e000 	C:\WINDOWS\System32\msvcrt.dll
0x00007ffe65910000 - 0x00007ffe659a7000 	C:\WINDOWS\System32\sechost.dll
0x00007ffe654b0000 - 0x00007ffe655d0000 	C:\WINDOWS\System32\RPCRT4.dll
0x00007ffe66680000 - 0x00007ffe66814000 	C:\WINDOWS\System32\USER32.dll
0x00007ffe642e0000 - 0x00007ffe64301000 	C:\WINDOWS\System32\win32u.dll
0x00007ffe53bf0000 - 0x00007ffe53e75000 	C:\WINDOWS\WinSxS\amd64_microsoft.windows.common-controls_6595b64144ccf1df_6.0.18362.778_none_e6c6b761130d4fb8\COMCTL32.dll
0x00007ffe64bb0000 - 0x00007ffe64bd6000 	C:\WINDOWS\System32\GDI32.dll
0x00007ffe65a70000 - 0x00007ffe65da6000 	C:\WINDOWS\System32\combase.dll
0x00007ffe64560000 - 0x00007ffe646f4000 	C:\WINDOWS\System32\gdi32full.dll
0x00007ffe64700000 - 0x00007ffe6479e000 	C:\WINDOWS\System32\msvcp_win.dll
0x00007ffe63990000 - 0x00007ffe63a10000 	C:\WINDOWS\System32\bcryptPrimitives.dll
0x00007ffe55a30000 - 0x00007ffe55a3a000 	C:\WINDOWS\SYSTEM32\VERSION.dll
0x00007ffe64be0000 - 0x00007ffe64c0e000 	C:\WINDOWS\System32\IMM32.DLL
0x00007ffe4c690000 - 0x00007ffe4c72b000 	C:\Program Files\Java\jdk-14.0.1\bin\msvcp140.dll
0x00007ffe2cf60000 - 0x00007ffe2da7e000 	C:\Program Files\Java\jdk-14.0.1\bin\server\jvm.dll
0x00007ffe65e70000 - 0x00007ffe65e78000 	C:\WINDOWS\System32\PSAPI.DLL
0x00007ffe517b0000 - 0x00007ffe517b9000 	C:\WINDOWS\SYSTEM32\WSOCK32.dll
0x00007ffe65440000 - 0x00007ffe654af000 	C:\WINDOWS\System32\WS2_32.dll
0x00007ffe61e10000 - 0x00007ffe61e34000 	C:\WINDOWS\SYSTEM32\WINMM.dll
0x00007ffe61d50000 - 0x00007ffe61d7d000 	C:\WINDOWS\SYSTEM32\WINMMBASE.dll
0x00007ffe64510000 - 0x00007ffe6455a000 	C:\WINDOWS\System32\cfgmgr32.dll
0x00007ffe63870000 - 0x00007ffe63881000 	C:\WINDOWS\System32\kernel.appcore.dll
0x00007ffe60470000 - 0x00007ffe6047a000 	C:\Program Files\Java\jdk-14.0.1\bin\jimage.dll
0x00007ffe54f10000 - 0x00007ffe55104000 	C:\WINDOWS\SYSTEM32\DBGHELP.DLL
0x00007ffe52f10000 - 0x00007ffe52f3a000 	C:\WINDOWS\SYSTEM32\dbgcore.DLL
0x00007ffe60060000 - 0x00007ffe6006e000 	C:\Program Files\Java\jdk-14.0.1\bin\instrument.dll
0x00007ffe5dbc0000 - 0x00007ffe5dbe5000 	C:\Program Files\Java\jdk-14.0.1\bin\java.dll
0x00007ffe5db70000 - 0x00007ffe5db86000 	C:\Program Files\Java\jdk-14.0.1\bin\zip.dll
0x00007ffe65f30000 - 0x00007ffe66615000 	C:\WINDOWS\System32\SHELL32.dll
0x00007ffe65e80000 - 0x00007ffe65f29000 	C:\WINDOWS\System32\shcore.dll
0x00007ffe63a10000 - 0x00007ffe64190000 	C:\WINDOWS\System32\windows.storage.dll
0x00007ffe63900000 - 0x00007ffe63923000 	C:\WINDOWS\System32\profapi.dll
0x00007ffe63890000 - 0x00007ffe638da000 	C:\WINDOWS\System32\powrprof.dll
0x00007ffe63860000 - 0x00007ffe63870000 	C:\WINDOWS\System32\UMPDC.dll
0x00007ffe66620000 - 0x00007ffe66672000 	C:\WINDOWS\System32\shlwapi.dll
0x00007ffe643c0000 - 0x00007ffe643d7000 	C:\WINDOWS\System32\cryptsp.dll
0x00007ffe598d0000 - 0x00007ffe598e9000 	C:\Program Files\Java\jdk-14.0.1\bin\net.dll
0x00007ffe5d5e0000 - 0x00007ffe5d6d0000 	C:\WINDOWS\SYSTEM32\WINHTTP.dll
0x00007ffe63070000 - 0x00007ffe630d7000 	C:\WINDOWS\system32\mswsock.dll
0x00007ffe598b0000 - 0x00007ffe598c2000 	C:\Program Files\Java\jdk-14.0.1\bin\nio.dll
0x00007ffe5db60000 - 0x00007ffe5db70000 	C:\Program Files\Java\jdk-14.0.1\bin\verify.dll
0x00007ffe54460000 - 0x00007ffe5447a000 	C:\Program Files\JetBrains\IntelliJ IDEA Community Edition 2020.1\bin\breakgen64.dll
0x00007ffe62dc0000 - 0x00007ffe62e8a000 	C:\WINDOWS\SYSTEM32\DNSAPI.dll
0x00007ffe66820000 - 0x00007ffe66828000 	C:\WINDOWS\System32\NSI.dll
0x00007ffe62d80000 - 0x00007ffe62dba000 	C:\WINDOWS\SYSTEM32\IPHLPAPI.DLL
0x00007ffe5ca10000 - 0x00007ffe5ca1a000 	C:\Windows\System32\rasadhlp.dll
0x00007ffe5d160000 - 0x00007ffe5d1d7000 	C:\WINDOWS\System32\fwpuclnt.dll
0x00007ffe643e0000 - 0x00007ffe64406000 	C:\WINDOWS\System32\bcrypt.dll
0x00007ffe45ac0000 - 0x00007ffe45ae5000 	C:\Program Files\Java\jdk-14.0.1\bin\sunec.dll
0x00007ffe62be0000 - 0x00007ffe62c13000 	C:\WINDOWS\system32\rsaenh.dll
0x00007ffe63780000 - 0x00007ffe637a5000 	C:\WINDOWS\SYSTEM32\USERENV.dll
0x00007ffe63240000 - 0x00007ffe6324c000 	C:\WINDOWS\SYSTEM32\CRYPTBASE.dll
0x00007ffe5d0c0000 - 0x00007ffe5d0d6000 	C:\WINDOWS\SYSTEM32\dhcpcsvc6.DLL
0x00007ffe5d0a0000 - 0x00007ffe5d0bc000 	C:\WINDOWS\SYSTEM32\dhcpcsvc.DLL
0x00007ffe597a0000 - 0x00007ffe597ae000 	C:\Program Files\Java\jdk-14.0.1\bin\sunmscapi.dll
0x00007ffe64190000 - 0x00007ffe642d9000 	C:\WINDOWS\System32\CRYPT32.dll
0x00007ffe638e0000 - 0x00007ffe638f2000 	C:\WINDOWS\System32\MSASN1.dll
0x00007ffe63340000 - 0x00007ffe63366000 	C:\WINDOWS\SYSTEM32\ncrypt.dll
0x00007ffe63300000 - 0x00007ffe6333b000 	C:\WINDOWS\SYSTEM32\NTASN1.dll

dbghelp: loaded successfully - version: 4.0.5 - missing functions: none
symbol engine: initialized successfully - sym options: 0x614 - pdb path: .;C:\Program Files\Java\jdk-14.0.1\bin;C:\WINDOWS\SYSTEM32;C:\WINDOWS\WinSxS\amd64_microsoft.windows.common-controls_6595b64144ccf1df_6.0.18362.778_none_e6c6b761130d4fb8;C:\Program Files\Java\jdk-14.0.1\bin\server;C:\Program Files\JetBrains\IntelliJ IDEA Community Edition 2020.1\bin

VM Arguments:
jvm_args: -javaagent:C:\Program Files\JetBrains\IntelliJ IDEA Community Edition 2020.1\lib\idea_rt.jar=53596:C:\Program Files\JetBrains\IntelliJ IDEA Community Edition 2020.1\bin -Dfile.encoding=UTF-8 
java_command: school.cesar.next.covid.dummydata.routes.DbDummyDataGenMain
java_class_path (initial): C:\NEXT\DataEngineering\Covid-19\covid\target\classes;C:\Users\Ricardo_2\.m2\repository\ch\hsr\geohash\1.4.0\geohash-1.4.0.jar;C:\Program Files (x86)\MySQL\Connector J 8.0\mysql-connector-java-8.0.19.jar
Launcher Type: SUN_STANDARD

[Global flags]
     intx CICompilerCount                          = 3                                         {product} {ergonomic}
     uint ConcGCThreads                            = 1                                         {product} {ergonomic}
     uint G1ConcRefinementThreads                  = 4                                         {product} {ergonomic}
   size_t G1HeapRegionSize                         = 1048576                                   {product} {ergonomic}
    uintx GCDrainStackTargetSize                   = 64                                        {product} {ergonomic}
   size_t InitialHeapSize                          = 98566144                                  {product} {ergonomic}
   size_t MarkStackSize                            = 4194304                                   {product} {ergonomic}
   size_t MaxHeapSize                              = 1577058304                                {product} {ergonomic}
   size_t MaxNewSize                               = 945815552                                 {product} {ergonomic}
   size_t MinHeapDeltaBytes                        = 1048576                                   {product} {ergonomic}
   size_t MinHeapSize                              = 8388608                                   {product} {ergonomic}
    uintx NonNMethodCodeHeapSize                   = 5832780                                {pd product} {ergonomic}
    uintx NonProfiledCodeHeapSize                  = 122912730                              {pd product} {ergonomic}
    uintx ProfiledCodeHeapSize                     = 122912730                              {pd product} {ergonomic}
    uintx ReservedCodeCacheSize                    = 251658240                              {pd product} {ergonomic}
     bool SegmentedCodeCache                       = true                                      {product} {ergonomic}
   size_t SoftMaxHeapSize                          = 1577058304                             {manageable} {ergonomic}
     bool UseCompressedClassPointers               = true                                 {lp64_product} {ergonomic}
     bool UseCompressedOops                        = true                                 {lp64_product} {ergonomic}
     bool UseG1GC                                  = true                                      {product} {ergonomic}
     bool UseLargePagesIndividualAllocation        = false                                  {pd product} {ergonomic}

Logging:
Log output configuration:
 #0: stdout all=warning uptime,level,tags
 #1: stderr all=off uptime,level,tags

Environment Variables:
PATH=C:\Program Files (x86)\Common Files\Oracle\Java\javapath;C:\ProgramData\Oracle\Java\javapath;C:\WINDOWS\system32;C:\WINDOWS;C:\WINDOWS\System32\Wbem;C:\WINDOWS\System32\WindowsPowerShell\v1.0\;C:\Program Files (x86)\ATI Technologies\ATI.ACE\Core-Static;C:\Program Files (x86)\AMD\ATI.ACE\Core-Static;C:\WINDOWS\System32\OpenSSH\;";C:\Programas\GDAL";C:\Program Files\Git\cmd;C:\Programas\Vagrant\bin;C:\HashiCorp\Vagrant\bin;C:\Program Files\MiKTeX 2.9\miktex\bin\x64\;C:\Program Files\MySQL\MySQL Shell 8.0\bin\;C:\Users\Ricardo_2\AppData\Local\Programs\Python\Python37-32\Scripts\;C:\Users\Ricardo_2\AppData\Local\Programs\Python\Python37-32\;C:\Users\Ricardo_2\AppData\Local\Microsoft\WindowsApps;C:\Program Files\JetBrains\PyCharm Community Edition 2019.2.3\bin;;C:\Program Files (x86)\Graphviz2.38\bin;;C:\Users\Ricardo_2\AppData\Local\Programs\Microsoft VS Code\bin;C:\Program Files\JetBrains\IntelliJ IDEA Community Edition 2020.1\bin;
USERNAME=RP02
OS=Windows_NT
PROCESSOR_IDENTIFIER=Intel64 Family 6 Model 58 Stepping 9, GenuineIntel



---------------  S Y S T E M  ---------------

OS: Windows 10 , 64 bit Build 18362 (10.0.18362.778)
OS uptime: 0 days 11:14 hours

CPU:total 4 (initial active 4) (2 cores per cpu, 2 threads per core) family 6 model 58 stepping 9, cmov, cx8, fxsr, mmx, sse, sse2, sse3, ssse3, sse4.1, sse4.2, popcnt, avx, aes, clmul, erms, ht, tsc, tscinvbit, tscinv

Memory: 4k page, system-wide physical 6013M (866M free)
TotalPageFile size 7660M (AvailPageFile size 291M)
current process WorkingSet (physical memory assigned to process): 82M, peak: 100M
current process commit charge ("private bytes"): 187M, peak: 210M

vm_info: Java HotSpot(TM) 64-Bit Server VM (14.0.1+7) for windows-amd64 JRE (14.0.1+7), built on Mar  5 2020 10:30:14 by "mach5one" with MS VC++ 15.9 (VS2017)

END.
